#
# A fatal error has been detected by the Java Runtime Environment:
#
#  SIGSEGV (0xb) at pc=0x000000010fe76109, pid=16540, tid=0x0000000000005203
#
# JRE version: Java(TM) SE Runtime Environment (8.0_111-b14) (build 1.8.0_111-b14)
# Java VM: Java HotSpot(TM) 64-Bit Server VM (25.111-b14 mixed mode bsd-amd64 compressed oops)
# Problematic frame:
# V  [libjvm.dylib+0x276109]  STWGCTimer::register_gc_start(Ticks const&)+0xb
#
# Failed to write core dump. Core dumps have been disabled. To enable core dumping, try "ulimit -c unlimited" before starting Java again
#
# If you would like to submit a bug report, please visit:
#   http://bugreport.java.com/bugreport/crash.jsp
#

---------------  T H R E A D  ---------------

Current thread (0x00007fee0b016800):  VMThread [stack: 0x000070000440b000,0x000070000450b000] [id=20995]

siginfo: si_signo: 11 (SIGSEGV), si_code: 1 (SEGV_MAPERR), si_addr: 0x0000000000000000

Registers:
RAX=0x0000000000000000, RBX=0x0000000110505aa8, RCX=0x0000321a460116a8, RDX=0x000070000450a9b8
RSP=0x000070000450a630, RBP=0x000070000450a630, RSI=0x000070000450a9b8, RDI=0x00000001104f0190
R8 =0x000000000000000d, R9 =0x0000000000000400, R10=0x00007fee0ac09a40, R11=0x00007fee0ac09a48
R12=0x000000000000000c, R13=0x0000000000000000, R14=0x00007fee0af02280, R15=0x00007fee0af03940
RIP=0x000000010fe76109, EFLAGS=0x0000000000010206, ERR=0x0000000000000006
  TRAPNO=0x000000000000000e

Top of Stack: (sp=0x000070000450a630)
0x000070000450a630:   000070000450aac0 00000001100c7b30
0x000070000450a640:   0000000000000037 000070000450ac08
0x000070000450a650:   ffffffffffffffff 00000002101e73c2
0x000070000450a660:   000070000450aca8 00007fffa59d46b8
0x000070000450a670:   0000000000000005 000000000058abf8
0x000070000450a680:   0000000000000010 0000000110227b21
0x000070000450a690:   000070000450ab50 0000000000000000
0x000070000450a6a0:   0000000000000032 000070000450ac20
0x000070000450a6b0:   ffffffffffffffff 000000020450ac30
0x000070000450a6c0:   0000000110227d6b 00007fffa59d46b8
0x000070000450a6d0:   0000000000000000 0000000000580000
0x000070000450a6e0:   0000003000000010 000070000450ac50
0x000070000450a6f0:   000070000450ab70 000000010fe775e2
0x000070000450a700:   00000001104effd0 00007fee0af02280
0x000070000450a710:   48ffafbf20ab00d0 000070000450a848
0x000070000450a720:   0000000110214ed0 00007fffa59d46b8
0x000070000450a730:   ffffffffffffffff 0000000000000000
0x000070000450a740:   000070000450a830 00007fff6d397059
0x000070000450a750:   000070000450a7b0 000070000450ab48
0x000070000450a760:   0000000000000000 0000000000000000
0x000070000450a770:   0000000000000000 000000010fe76890
0x000070000450a780:   0000000000000000 00000001104effd0
0x000070000450a790:   000070000450a7b0 000000010fe768dc
0x000070000450a7a0:   00000002eb787680 00000001104effd0
0x000070000450a7b0:   000070000450a7d0 000000010fe7683f
0x000070000450a7c0:   00000001104eff60 00000001104effd0
0x000070000450a7d0:   48ffafbf20ab00d0 000070000450a908
0x000070000450a7e0:   0000000110214ed0 00007fffa59d46b8
0x000070000450a7f0:   ffffffffffffffff 0000000000000000
0x000070000450a800:   48ffafbf20ab00d0 0000000000000000
0x000070000450a810:   00007fee0b804cd8 0000000000000000
0x000070000450a820:   0000000000000100 000070000450a8e6 

Instructions: (pc=0x000000010fe76109)
0x000000010fe760e9:   28 5d e9 90 ff ff ff 55 48 89 e5 48 83 c7 28 5d
0x000000010fe760f9:   e9 82 ff ff ff 55 48 89 e5 48 89 f2 48 8b 47 28
0x000000010fe76109:   c7 00 00 00 00 00 c7 47 44 00 00 00 00 48 c7 47
0x000000010fe76119:   48 00 00 00 00 48 c7 47 50 00 00 00 00 48 c7 47 

Register to memory mapping:

RAX=0x0000000000000000 is an unknown value
RBX=